Testsuite: extra.BuscaControllerTests
Tests run: 8, Failures: 2, Errors: 0, Time elapsed: 2,862 sec
------------- Standard Output ---------------
--Output from testIndex--
--Output from testList--
--Output from testCreate--
--Output from testSave--
--Output from testShow--
--Output from testEdit--
--Output from testUpdate--
--Output from testDelete--
------------- ---------------- ---------------
------------- Standard Error -----------------
--Output from testIndex--
--Output from testList--
--Output from testCreate--
--Output from testSave--
--Output from testShow--
--Output from testEdit--
--Output from testUpdate--
--Output from testDelete--
------------- ---------------- ---------------

Testcase: testIndex took 1,535 sec
Testcase: testList took 0,503 sec
Testcase: testCreate took 0,172 sec
Testcase: testSave took 0,296 sec
	FAILED
Assertion failed: 

assert model.buscaInstance != null
       |     |             |
       [:]   null          false

junit.framework.AssertionFailedError: Assertion failed: 

assert model.buscaInstance != null
       |     |             |
       [:]   null          false

	at extra.BuscaControllerTests.testSave(BuscaControllerTests.groovy:45)

Testcase: testShow took 0,082 sec
Testcase: testEdit took 0,064 sec
Testcase: testUpdate took 0,091 sec
	FAILED
Assertion failed: 

assert view == "/busca/edit"
       |    |
       null false

junit.framework.AssertionFailedError: Assertion failed: 

assert view == "/busca/edit"
       |    |
       null false

	at extra.BuscaControllerTests.testUpdate(BuscaControllerTests.groovy:116)

Testcase: testDelete took 0,076 sec
