<?xml version="1.0" encoding="UTF-8" ?>
<testsuite errors="0" failures="2" hostname="WIN-7AH46PBMGBC" name="extra.BuscaControllerTests" tests="8" time="2.862" timestamp="2014-03-05T20:32:23">
  <properties />
  <testcase classname="extra.BuscaControllerTests" name="testIndex" time="1.535" />
  <testcase classname="extra.BuscaControllerTests" name="testList" time="0.503" />
  <testcase classname="extra.BuscaControllerTests" name="testCreate" time="0.172" />
  <testcase classname="extra.BuscaControllerTests" name="testSave" time="0.297">
    <failure message="Assertion failed: &#xa;&#xa;assert model.buscaInstance != null&#xa;       |     |             |&#xa;       [:]   null          false&#xa;" type="junit.framework.AssertionFailedError">junit.framework.AssertionFailedError: Assertion failed: 

assert model.buscaInstance != null
       |     |             |
       [:]   null          false

	at extra.BuscaControllerTests.testSave(BuscaControllerTests.groovy:45)
</failure>
  </testcase>
  <testcase classname="extra.BuscaControllerTests" name="testShow" time="0.082" />
  <testcase classname="extra.BuscaControllerTests" name="testEdit" time="0.064" />
  <testcase classname="extra.BuscaControllerTests" name="testUpdate" time="0.091">
    <failure message="Assertion failed: &#xa;&#xa;assert view == &quot;/busca/edit&quot;&#xa;       |    |&#xa;       null false&#xa;" type="junit.framework.AssertionFailedError">junit.framework.AssertionFailedError: Assertion failed: 

assert view == &quot;/busca/edit&quot;
       |    |
       null false

	at extra.BuscaControllerTests.testUpdate(BuscaControllerTests.groovy:116)
</failure>
  </testcase>
  <testcase classname="extra.BuscaControllerTests" name="testDelete" time="0.076" />
  <system-out><![CDATA[--Output from testIndex--
--Output from testList--
--Output from testCreate--
--Output from testSave--
--Output from testShow--
--Output from testEdit--
--Output from testUpdate--
--Output from testDelete--
]]></system-out>
  <system-err><![CDATA[--Output from testIndex--
--Output from testList--
--Output from testCreate--
--Output from testSave--
--Output from testShow--
--Output from testEdit--
--Output from testUpdate--
--Output from testDelete--
]]></system-err>
</testsuite>
